09:39:34.740 [main] INFO  com.phonebook.TestBase -- ********************** TESTING IN PROGRESS *************************
09:39:41.180 [main] INFO  com.phonebook.TestBase -- Test is started: [loginExistedUserPositiveTest1]
09:39:48.140 [main] INFO  com.phonebook.TestBase -- Test is started with data: []
09:39:48.141 [main] INFO  com.phonebook.TestBase -- Test is PASSED: [loginExistedUserPositiveTest1], with data: []
09:39:48.142 [main] INFO  com.phonebook.TestBase -- Test is ended: [loginExistedUserPositiveTest1]
09:39:48.146 [main] INFO  com.phonebook.TestBase -- Test is started: [loginExistedUserPositiveTest2]
09:39:55.194 [main] INFO  com.phonebook.TestBase -- Test is started with data: [password=Password@1, email=user_admin_new242@gmail.com]
09:39:55.194 [main] INFO  com.phonebook.TestBase -- Test is PASSED: [loginExistedUserPositiveTest2], with data: [password=Password@1, email=user_admin_new242@gmail.com]
09:39:55.195 [main] INFO  com.phonebook.TestBase -- Test is ended: [loginExistedUserPositiveTest2]
09:39:55.199 [main] INFO  com.phonebook.TestBase -- Test is started: [loginNegativeWOEmailTest]
09:40:01.398 [main] WARN  com.phonebook.core.BaseHelper -- Alert has text: [Wrong email or password]
09:40:06.437 [main] INFO  com.phonebook.TestBase -- Test is started with data: [password=Password@1, email=user_admin_new242@gmail.com]
09:40:06.438 [main] INFO  com.phonebook.TestBase -- Test is PASSED: [loginNegativeWOEmailTest], with data: [password=Password@1, email=user_admin_new242@gmail.com]
09:40:06.439 [main] INFO  com.phonebook.TestBase -- Test is ended: [loginNegativeWOEmailTest]
09:40:06.442 [main] INFO  com.phonebook.TestBase -- Test is started: [isHomeComponentPresentTest]
09:40:06.600 [main] INFO  com.phonebook.TestBase -- Test is started with data: [password=Password@1, email=user_admin_new242@gmail.com]
09:40:06.602 [main] INFO  com.phonebook.TestBase -- Test is PASSED: [isHomeComponentPresentTest], with data: [password=Password@1, email=user_admin_new242@gmail.com]
09:40:06.603 [main] INFO  com.phonebook.TestBase -- Test is ended: [isHomeComponentPresentTest]
09:40:06.607 [main] INFO  com.phonebook.TestBase -- Test is started: [addContactPositiveTest]
09:40:14.992 [main] INFO  com.phonebook.TestBase -- Test is started with data: [password=Password@1, email=user_admin_new242@gmail.com]
09:40:14.992 [main] INFO  com.phonebook.TestBase -- Test is PASSED: [addContactPositiveTest], with data: [password=Password@1, email=user_admin_new242@gmail.com]
09:40:14.992 [main] INFO  com.phonebook.TestBase -- Test is ended: [addContactPositiveTest]
09:40:14.996 [main] INFO  com.phonebook.TestBase -- Test is started: [addContactPositiveWODescriptionTest]
09:40:17.085 [main] INFO  com.phonebook.TestBase -- Test is started with data: [password=Password@1, email=user_admin_new242@gmail.com]
09:40:17.086 [main] INFO  com.phonebook.TestBase -- Test is PASSED: [addContactPositiveWODescriptionTest], with data: [password=Password@1, email=user_admin_new242@gmail.com]
09:40:17.087 [main] INFO  com.phonebook.TestBase -- Test is ended: [addContactPositiveWODescriptionTest]
09:40:17.090 [main] INFO  com.phonebook.TestBase -- Test is started: [createAccountLoginPositiveTest]
09:40:18.516 [main] INFO  com.phonebook.TestBase -- Test is started with data: [password=Password@1, email=user_admin_new242@gmail.com]
09:40:24.133 [main] ERROR com.phonebook.TestBase -- Test is FAILED: [createAccountLoginPositiveTest], Screenshot: [C:\Cohort46QA\2_Phonebook\src\test_screenshots\screen-1728891623703.png]
09:40:24.134 [main] INFO  com.phonebook.TestBase -- Test is ended: [createAccountLoginPositiveTest]
09:40:24.139 [main] INFO  com.phonebook.TestBase -- Test is started: [createAccountNegativeTest]
09:40:30.505 [main] WARN  com.phonebook.core.BaseHelper -- Alert has text: [User already exist]
09:40:35.567 [main] INFO  com.phonebook.TestBase -- Test is started with data: [password=Password@1, email=user_admin_new242@gmail.com]
09:40:35.567 [main] INFO  com.phonebook.TestBase -- Test is PASSED: [createAccountNegativeTest], with data: [password=Password@1, email=user_admin_new242@gmail.com]
09:40:35.568 [main] INFO  com.phonebook.TestBase -- Test is ended: [createAccountNegativeTest]
09:40:35.571 [main] INFO  com.phonebook.TestBase -- Test is started: [createAccountPositiveTest1]
09:40:41.808 [main] INFO  com.phonebook.TestBase -- Test is started with data: [password=Password@1, email=user_admin_new242@gmail.com]
09:40:47.321 [main] ERROR com.phonebook.TestBase -- Test is FAILED: [createAccountPositiveTest1], Screenshot: [C:\Cohort46QA\2_Phonebook\src\test_screenshots\screen-1728891646957.png]
09:40:47.321 [main] INFO  com.phonebook.TestBase -- Test is ended: [createAccountPositiveTest1]
09:40:47.326 [main] INFO  com.phonebook.TestBase -- Test is started: [createAccountPositiveTest2]
09:40:53.405 [main] INFO  com.phonebook.TestBase -- Test is started with data: [password=Password@1, email=user_admin_new242@gmail.com]
09:40:59.070 [main] ERROR com.phonebook.TestBase -- Test is FAILED: [createAccountPositiveTest2], Screenshot: [C:\Cohort46QA\2_Phonebook\src\test_screenshots\screen-1728891658724.png]
09:40:59.070 [main] INFO  com.phonebook.TestBase -- Test is ended: [createAccountPositiveTest2]
09:40:59.074 [main] INFO  com.phonebook.TestBase -- Test is started: [createOneAndDeleteOneContactTest]
09:41:07.384 [main] INFO  com.phonebook.TestBase -- Test is started with data: [password=Password@1, email=user_admin_new242@gmail.com]
09:41:07.385 [main] INFO  com.phonebook.TestBase -- Test is PASSED: [createOneAndDeleteOneContactTest], with data: [password=Password@1, email=user_admin_new242@gmail.com]
09:41:07.385 [main] INFO  com.phonebook.TestBase -- Test is ended: [createOneAndDeleteOneContactTest]
09:41:07.387 [main] INFO  com.phonebook.TestBase -- Test is started: [deleteAllContactsTests]
09:41:26.938 [main] INFO  com.phonebook.TestBase -- Test is started with data: [password=Password@1, email=user_admin_new242@gmail.com]
09:41:26.938 [main] INFO  com.phonebook.TestBase -- Test is PASSED: [deleteAllContactsTests], with data: [password=Password@1, email=user_admin_new242@gmail.com]
09:41:26.938 [main] INFO  com.phonebook.TestBase -- Test is ended: [deleteAllContactsTests]
09:41:26.945 [main] INFO  com.phonebook.TestBase -- ********************** ALL TEST END *************************
